Delivering message to queue and asking for verification no-reply@mail.instagram.com/Help with your account
Searching for stale data files (1296000 seconds old)
Delivering message to queue and asking for verification support@massdrop.com/Announcing New Products: XMIT Hall Effect Mechanical Keyboard, Zealenico Silencing Clips, Massdrop Blue Box: Nuforce HEM IEMs
Delivering message to queue and asking for verification no-reply@culinaryagents.com/New Job Matches!
Delivering message to queue and asking for verification noreply@r.groupon.com/Today's Doorbusters Going F>A>S>T
Processing email with trusted transport method [local] wordpress@kylefisher.com/[My Blog] Password Reset
Delivering message to queue and asking for verification info@virdiko.com/Eric Benét - "INSANE" [New Album Available & Online Now]  @VirDiKO Global Music Promo
Delivering message to queue and asking for verification jack.6bhpbvszc0.gbqk@emails.pepboys.com/The savings march forward this Veterans Day!
Processing email with trusted transport method [local] wordpress@kylefisher.com/[My Blog] Password Reset
Delivering message to queue and asking for verification mail@graphicstockemail.com/It's No Joke...
Delivering message to queue and asking for verification localstove@localstove.com/What, are you chicken? 
Delivering message to queue and asking for verification bedbathandbeyond.12529757@bedbathandbeyond.com/Don't forget your 20% offer. Here's everything you need to light up the season.
Delivering message to queue and asking for verification reply_cusdfr_drpojfe@cp20.com/Get 20% Off Today
Delivering message to queue and asking for verification reply_cusebp_drpojfe@cp20.com/Get 20% Off Today
Delivering message to queue and asking for verification info@switchup.org/How veteran Allen Fordham found community in coding
Delivering message to queue and asking for verification noreply@r.groupon.com/Mystery Bras in Regular and Plus, Furhaven Orthopedic Pet Bed , XtremePro HD 720p Sports Camera & More
Delivering message to queue and asking for verification info@meetup.com/Invitation: EdTech Chicago: Our Inaugural Meetup with eSpark Learning
Recieved a verify message for msgid x7CVtg84EO5B7dg1TLmfP-1478895109
Auto-Whitelisting info@meetup.com
Releasing queue for info@meetup.com/Invitation: EdTech Chicago: Our Inaugural Meetup with eSpark Learning
Notify of verify released info@meetup.com/Re: Your email requires verification verify#x7CVtg84EO5B7dg1TLmfP-1478895109)
Email matches rule "from info@meetup.com" Line 1 in whitelist
Delivering message to queue and asking for verification cschultheis@davemagrogangroup.com/Come In & Try Our New Prix Fixe Menu!
Delivering message to queue and asking for verification bowlphil0@wifa.st/Win Lifetime Bowling at North Bowl 🏆
Delivering message to queue and asking for verification reply_cusnzu_bbzlbdqp@shop.everythingkitchens.com/Happy Veterans Day! Save up to 60% on Holiday Must-Haves!
Delivering message to queue and asking for verification reply-fe931572746c017b70-119_html-234621346-6157178-5339@email.gopro.com/Fall from the sky on the Day of the Dead
Delivering message to queue and asking for verification pvzetbtew@lnu.se/Now price
Found user as mailer/postmaster postmaster@lnu.se/Olevererbart:: Your email requires verification verify#gee9VYrcxLvoRI3Z7ZFzp-1478913500)
Discarding verify bounce from postmaster@lnu.se/Olevererbart:: Your email requires verification verify#gee9VYrcxLvoRI3Z7ZFzp-1478913500)
Delivering message to queue and asking for verification noreply@email.apple.com/A sound was played on Kyle's iPhone.
