Delivering message to queue and asking for verification noreply@r.groupon.com/Final Hours of 12 Days of Doorbusters
Delivering message to queue and asking for verification support@inmotionhosting.com/InMotion Hosting : As you're getting started, is there anything we can do to help?
Recieved a verify message for msgid 9iCFEDEKrGGsbYwflaGCB-1478943026
Auto-Whitelisting support@inmotionhosting.com
Releasing queue for support@inmotionhosting.com/InMotion Hosting : As you're getting started, is there anything we can do to help?
Notify of verify released support@inmotionhosting.com/{100-3110882} Your email requires verification verify#9iCFEDEKrGGsbYwflaGCB-1478943026)
Recieved a verify message for msgid 9iCFEDEKrGGsbYwflaGCB-1478943026
Internal verification support@inmotionhosting.com/Re: {100-3110882} Your email requires verification verify#9iCFEDEKrGGsbYwflaGCB-1478943026)
Delivering message to queue and asking for verification noreply@mail.idnotify.com/Your Monthly Update From IDnotify
Recieved a verify message for msgid 9iCFEDEKrGGsbYwflaGCB-1478943026
Internal verification support@inmotionhosting.com/Re: {100-3110882} Your email requires verification verify#9iCFEDEKrGGsbYwflaGCB-1478943026)
Recieved a verify message for msgid 9iCFEDEKrGGsbYwflaGCB-1478943026
Internal verification support@inmotionhosting.com/Re: {100-3110882} Your email requires verification verify#9iCFEDEKrGGsbYwflaGCB-1478943026)
Recieved a verify message for msgid 9iCFEDEKrGGsbYwflaGCB-1478943026
Internal verification support@inmotionhosting.com/Re: {100-3110882} Your email requires verification verify#9iCFEDEKrGGsbYwflaGCB-1478943026)
Recieved a verify message for msgid 9iCFEDEKrGGsbYwflaGCB-1478943026
Internal verification support@inmotionhosting.com/Re: {100-3110882} Your email requires verification verify#9iCFEDEKrGGsbYwflaGCB-1478943026)
Recieved a verify message for msgid 9iCFEDEKrGGsbYwflaGCB-1478943026
Internal verification support@inmotionhosting.com/Re: {100-3110882} Your email requires verification verify#9iCFEDEKrGGsbYwflaGCB-1478943026)
Recieved a verify message for msgid 9iCFEDEKrGGsbYwflaGCB-1478943026
Internal verification support@inmotionhosting.com/Re: {100-3110882} Your email requires verification verify#9iCFEDEKrGGsbYwflaGCB-1478943026)
Recieved a verify message for msgid 9iCFEDEKrGGsbYwflaGCB-1478943026
Internal verification support@inmotionhosting.com/Re: {100-3110882} Your email requires verification verify#9iCFEDEKrGGsbYwflaGCB-1478943026)
Recieved a verify message for msgid 9iCFEDEKrGGsbYwflaGCB-1478943026
Internal verification support@inmotionhosting.com/Re: {100-3110882} Your email requires verification verify#9iCFEDEKrGGsbYwflaGCB-1478943026)
Recieved a verify message for msgid 9iCFEDEKrGGsbYwflaGCB-1478943026
Internal verification support@inmotionhosting.com/Re: {100-3110882} Your email requires verification verify#9iCFEDEKrGGsbYwflaGCB-1478943026)
Recieved a verify message for msgid 9iCFEDEKrGGsbYwflaGCB-1478943026
Internal verification support@inmotionhosting.com/Re: {100-3110882} Your email requires verification verify#9iCFEDEKrGGsbYwflaGCB-1478943026)
Recieved a verify message for msgid 9iCFEDEKrGGsbYwflaGCB-1478943026
Internal verification support@inmotionhosting.com/Re: {100-3110882} Your email requires verification verify#9iCFEDEKrGGsbYwflaGCB-1478943026)
Delivering message to queue and asking for verification bedbathandbeyond.12549907@bedbathandbeyond.com/All new for you. Don’t miss this!
Recieved a verify message for msgid 9iCFEDEKrGGsbYwflaGCB-1478943026
Internal verification support@inmotionhosting.com/Re: {100-3110882} Your email requires verification verify#9iCFEDEKrGGsbYwflaGCB-1478943026)
Recieved a verify message for msgid 9iCFEDEKrGGsbYwflaGCB-1478943026
Internal verification support@inmotionhosting.com/Re: {100-3110882} Your email requires verification verify#9iCFEDEKrGGsbYwflaGCB-1478943026)
Recieved a verify message for msgid 9iCFEDEKrGGsbYwflaGCB-1478943026
Internal verification support@inmotionhosting.com/Re: {100-3110882} Your email requires verification verify#9iCFEDEKrGGsbYwflaGCB-1478943026)
Recieved a verify message for msgid 9iCFEDEKrGGsbYwflaGCB-1478943026
Internal verification support@inmotionhosting.com/Re: {100-3110882} Your email requires verification verify#9iCFEDEKrGGsbYwflaGCB-1478943026)
Recieved a verify message for msgid 9iCFEDEKrGGsbYwflaGCB-1478943026
Internal verification support@inmotionhosting.com/Re: {100-3110882} Your email requires verification verify#9iCFEDEKrGGsbYwflaGCB-1478943026)
Delivering message to queue and asking for verification noreply@r.groupon.com/Holiday Fun: The More the Merrier
Recieved a verify message for msgid 9iCFEDEKrGGsbYwflaGCB-1478943026
Internal verification support@inmotionhosting.com/Re: {100-3110882} Your email requires verification verify#9iCFEDEKrGGsbYwflaGCB-1478943026)
Delivering message to queue and asking for verification newsdigest@insideapple.apple.com/Need to De-Stress? Try This Easy Technique
Recieved a verify message for msgid 9iCFEDEKrGGsbYwflaGCB-1478943026
Internal verification support@inmotionhosting.com/Re: {100-3110882} Your email requires verification verify#9iCFEDEKrGGsbYwflaGCB-1478943026)
Recieved a verify message for msgid 9iCFEDEKrGGsbYwflaGCB-1478943026
Internal verification support@inmotionhosting.com/Re: {100-3110882} Your email requires verification verify#9iCFEDEKrGGsbYwflaGCB-1478943026)
Recieved a verify message for msgid 9iCFEDEKrGGsbYwflaGCB-1478943026
Internal verification support@inmotionhosting.com/Re: {100-3110882} Your email requires verification verify#9iCFEDEKrGGsbYwflaGCB-1478943026)
Recieved a verify message for msgid 9iCFEDEKrGGsbYwflaGCB-1478943026
Internal verification support@inmotionhosting.com/Re: {100-3110882} Your email requires verification verify#9iCFEDEKrGGsbYwflaGCB-1478943026)
Recieved a verify message for msgid 9iCFEDEKrGGsbYwflaGCB-1478943026
Internal verification support@inmotionhosting.com/Re: {100-3110882} Your email requires verification verify#9iCFEDEKrGGsbYwflaGCB-1478943026)
Email matches rule "from support@inmotionhosting.com" Line 3 in whitelist
Recieved a verify message for msgid 9iCFEDEKrGGsbYwflaGCB-1478943026
Internal verification support@inmotionhosting.com/Re: {100-3110882} Your email requires verification verify#9iCFEDEKrGGsbYwflaGCB-1478943026)
Recieved a verify message for msgid 9iCFEDEKrGGsbYwflaGCB-1478943026
Internal verification support@inmotionhosting.com/Re: {100-3110882} Your email requires verification verify#9iCFEDEKrGGsbYwflaGCB-1478943026)
Recieved a verify message for msgid 9iCFEDEKrGGsbYwflaGCB-1478943026
Internal verification support@inmotionhosting.com/Re: {100-3110882} Your email requires verification verify#9iCFEDEKrGGsbYwflaGCB-1478943026)
Email matches rule "from support@inmotionhosting.com" Line 3 in whitelist
Recieved a verify message for msgid 9iCFEDEKrGGsbYwflaGCB-1478943026
Internal verification support@inmotionhosting.com/Re: {100-3110882} Your email requires verification verify#9iCFEDEKrGGsbYwflaGCB-1478943026)
Recieved a verify message for msgid 9iCFEDEKrGGsbYwflaGCB-1478943026
Internal verification support@inmotionhosting.com/Re: {100-3110882} Your email requires verification verify#9iCFEDEKrGGsbYwflaGCB-1478943026)
Recieved a verify message for msgid 9iCFEDEKrGGsbYwflaGCB-1478943026
Internal verification support@inmotionhosting.com/Re: {100-3110882} Your email requires verification verify#9iCFEDEKrGGsbYwflaGCB-1478943026)
Recieved a verify message for msgid 9iCFEDEKrGGsbYwflaGCB-1478943026
Internal verification support@inmotionhosting.com/Re: {100-3110882} Your email requires verification verify#9iCFEDEKrGGsbYwflaGCB-1478943026)
Recieved a verify message for msgid 9iCFEDEKrGGsbYwflaGCB-1478943026
Internal verification support@inmotionhosting.com/Re: {100-3110882} Your email requires verification verify#9iCFEDEKrGGsbYwflaGCB-1478943026)
Searching for stale data files (1296000 seconds old)
Recieved a verify message for msgid 9iCFEDEKrGGsbYwflaGCB-1478943026
Internal verification support@inmotionhosting.com/Re: {100-3110882} Your email requires verification verify#9iCFEDEKrGGsbYwflaGCB-1478943026)
Delivering message to queue and asking for verification no-reply@culinaryagents.com/New Job Matches!
Delivering message to queue and asking for verification support@massdrop.com/Announcing New Products: Royal Kludge Doubleshot ABS Keycaps, Rooth C&P Earplugs, APPJ mini2013 6J1+6P1
Recieved a verify message for msgid 9iCFEDEKrGGsbYwflaGCB-1478943026
Internal verification support@inmotionhosting.com/Re: {100-3110882} Your email requires verification verify#9iCFEDEKrGGsbYwflaGCB-1478943026)
Recieved a verify message for msgid 9iCFEDEKrGGsbYwflaGCB-1478943026
Internal verification support@inmotionhosting.com/Re: {100-3110882} Your email requires verification verify#9iCFEDEKrGGsbYwflaGCB-1478943026)
Recieved a verify message for msgid 9iCFEDEKrGGsbYwflaGCB-1478943026
Internal verification support@inmotionhosting.com/Re: {100-3110882} Your email requires verification verify#9iCFEDEKrGGsbYwflaGCB-1478943026)
Recieved a verify message for msgid 9iCFEDEKrGGsbYwflaGCB-1478943026
Internal verification support@inmotionhosting.com/Re: {100-3110882} Your email requires verification verify#9iCFEDEKrGGsbYwflaGCB-1478943026)
Recieved a verify message for msgid 9iCFEDEKrGGsbYwflaGCB-1478943026
Internal verification support@inmotionhosting.com/Re: {100-3110882} Your email requires verification verify#9iCFEDEKrGGsbYwflaGCB-1478943026)
Recieved a verify message for msgid 9iCFEDEKrGGsbYwflaGCB-1478943026
Internal verification support@inmotionhosting.com/Re: {100-3110882} Your email requires verification verify#9iCFEDEKrGGsbYwflaGCB-1478943026)
Recieved a verify message for msgid 9iCFEDEKrGGsbYwflaGCB-1478943026
Internal verification support@inmotionhosting.com/Re: {100-3110882} Your email requires verification verify#9iCFEDEKrGGsbYwflaGCB-1478943026)
Recieved a verify message for msgid 9iCFEDEKrGGsbYwflaGCB-1478943026
Internal verification support@inmotionhosting.com/Re: {100-3110882} Your email requires verification verify#9iCFEDEKrGGsbYwflaGCB-1478943026)
Recieved a verify message for msgid 9iCFEDEKrGGsbYwflaGCB-1478943026
Internal verification support@inmotionhosting.com/Re: {100-3110882} Your email requires verification verify#9iCFEDEKrGGsbYwflaGCB-1478943026)
Recieved a verify message for msgid 9iCFEDEKrGGsbYwflaGCB-1478943026
Internal verification support@inmotionhosting.com/Re: {100-3110882} Your email requires verification verify#9iCFEDEKrGGsbYwflaGCB-1478943026)
Delivering message to queue and asking for verification newsletters-no-reply@myfonts.com/November Rising Stars newsletter
Delivering message to queue and asking for verification mail@graphicstockemail.com/We're Not Kidding...
Recieved a verify message for msgid 9iCFEDEKrGGsbYwflaGCB-1478943026
Internal verification support@inmotionhosting.com/Re: {100-3110882} Your email requires verification verify#9iCFEDEKrGGsbYwflaGCB-1478943026)
Recieved a verify message for msgid 9iCFEDEKrGGsbYwflaGCB-1478943026
Internal verification support@inmotionhosting.com/Re: {100-3110882} Your email requires verification verify#9iCFEDEKrGGsbYwflaGCB-1478943026)
Recieved a verify message for msgid 9iCFEDEKrGGsbYwflaGCB-1478943026
Internal verification support@inmotionhosting.com/Re: {100-3110882} Your email requires verification verify#9iCFEDEKrGGsbYwflaGCB-1478943026)
Delivering message to queue and asking for verification reply-fe891176726704757c-142_html-382724067-1365844-57@opinion.bankofamerica.com/Reminder - We would like to hear from you about your recent branch experience.
Recieved a verify message for msgid 9iCFEDEKrGGsbYwflaGCB-1478943026
Internal verification support@inmotionhosting.com/Re: {100-3110882} Your email requires verification verify#9iCFEDEKrGGsbYwflaGCB-1478943026)
Recieved a verify message for msgid 9iCFEDEKrGGsbYwflaGCB-1478943026
Internal verification support@inmotionhosting.com/Re: {100-3110882} Your email requires verification verify#9iCFEDEKrGGsbYwflaGCB-1478943026)
Recieved a verify message for msgid 9iCFEDEKrGGsbYwflaGCB-1478943026
Internal verification support@inmotionhosting.com/Re: {100-3110882} Your email requires verification verify#9iCFEDEKrGGsbYwflaGCB-1478943026)
Recieved a verify message for msgid 9iCFEDEKrGGsbYwflaGCB-1478943026
Internal verification support@inmotionhosting.com/Re: {100-3110882} Your email requires verification verify#9iCFEDEKrGGsbYwflaGCB-1478943026)
Delivering message to queue and asking for verification bedbathandbeyond.12544128@bedbathandbeyond.com/Thanksgiving is less than 2 weeks away! Ideas inside. Don't Forget your 20% offer.
Recieved a verify message for msgid 9iCFEDEKrGGsbYwflaGCB-1478943026
Internal verification support@inmotionhosting.com/Re: {100-3110882} Your email requires verification verify#9iCFEDEKrGGsbYwflaGCB-1478943026)
Recieved a verify message for msgid 9iCFEDEKrGGsbYwflaGCB-1478943026
Internal verification support@inmotionhosting.com/Re: {100-3110882} Your email requires verification verify#9iCFEDEKrGGsbYwflaGCB-1478943026)
Recieved a verify message for msgid 9iCFEDEKrGGsbYwflaGCB-1478943026
Internal verification support@inmotionhosting.com/Re: {100-3110882} Your email requires verification verify#9iCFEDEKrGGsbYwflaGCB-1478943026)
Recieved a verify message for msgid 9iCFEDEKrGGsbYwflaGCB-1478943026
Internal verification support@inmotionhosting.com/Re: {100-3110882} Your email requires verification verify#9iCFEDEKrGGsbYwflaGCB-1478943026)
Recieved a verify message for msgid 9iCFEDEKrGGsbYwflaGCB-1478943026
Internal verification support@inmotionhosting.com/Re: {100-3110882} Your email requires verification verify#9iCFEDEKrGGsbYwflaGCB-1478943026)
Recieved a verify message for msgid 9iCFEDEKrGGsbYwflaGCB-1478943026
Internal verification support@inmotionhosting.com/Re: {100-3110882} Your email requires verification verify#9iCFEDEKrGGsbYwflaGCB-1478943026)
Recieved a verify message for msgid 9iCFEDEKrGGsbYwflaGCB-1478943026
Internal verification support@inmotionhosting.com/Re: {100-3110882} Your email requires verification verify#9iCFEDEKrGGsbYwflaGCB-1478943026)
Recieved a verify message for msgid 9iCFEDEKrGGsbYwflaGCB-1478943026
Internal verification support@inmotionhosting.com/Re: {100-3110882} Your email requires verification verify#9iCFEDEKrGGsbYwflaGCB-1478943026)
Recieved a verify message for msgid 9iCFEDEKrGGsbYwflaGCB-1478943026
Internal verification support@inmotionhosting.com/Re: {100-3110882} Your email requires verification verify#9iCFEDEKrGGsbYwflaGCB-1478943026)
Recieved a verify message for msgid 9iCFEDEKrGGsbYwflaGCB-1478943026
Internal verification support@inmotionhosting.com/Re: {100-3110882} Your email requires verification verify#9iCFEDEKrGGsbYwflaGCB-1478943026)
Delivering message to queue and asking for verification reply@clk20.com/Enter One Life before the final deadline on 12/15
Recieved a verify message for msgid 9iCFEDEKrGGsbYwflaGCB-1478943026
Internal verification support@inmotionhosting.com/Re: {100-3110882} Your email requires verification verify#9iCFEDEKrGGsbYwflaGCB-1478943026)
Recieved a verify message for msgid 9iCFEDEKrGGsbYwflaGCB-1478943026
Internal verification support@inmotionhosting.com/Re: {100-3110882} Your email requires verification verify#9iCFEDEKrGGsbYwflaGCB-1478943026)
Recieved a verify message for msgid 9iCFEDEKrGGsbYwflaGCB-1478943026
Internal verification support@inmotionhosting.com/Re: {100-3110882} Your email requires verification verify#9iCFEDEKrGGsbYwflaGCB-1478943026)
Recieved a verify message for msgid 9iCFEDEKrGGsbYwflaGCB-1478943026
Internal verification support@inmotionhosting.com/Re: {100-3110882} Your email requires verification verify#9iCFEDEKrGGsbYwflaGCB-1478943026)
Recieved a verify message for msgid 9iCFEDEKrGGsbYwflaGCB-1478943026
Internal verification support@inmotionhosting.com/Re: {100-3110882} Your email requires verification verify#9iCFEDEKrGGsbYwflaGCB-1478943026)
Recieved a verify message for msgid 9iCFEDEKrGGsbYwflaGCB-1478943026
Internal verification support@inmotionhosting.com/Re: {100-3110882} Your email requires verification verify#9iCFEDEKrGGsbYwflaGCB-1478943026)
Recieved a verify message for msgid 9iCFEDEKrGGsbYwflaGCB-1478943026
Internal verification support@inmotionhosting.com/Re: {100-3110882} Your email requires verification verify#9iCFEDEKrGGsbYwflaGCB-1478943026)
Recieved a verify message for msgid 9iCFEDEKrGGsbYwflaGCB-1478943026
Internal verification support@inmotionhosting.com/Re: {100-3110882} Your email requires verification verify#9iCFEDEKrGGsbYwflaGCB-1478943026)
Recieved a verify message for msgid 9iCFEDEKrGGsbYwflaGCB-1478943026
Internal verification support@inmotionhosting.com/Re: {100-3110882} Your email requires verification verify#9iCFEDEKrGGsbYwflaGCB-1478943026)
Recieved a verify message for msgid 9iCFEDEKrGGsbYwflaGCB-1478943026
Internal verification support@inmotionhosting.com/Re: {100-3110882} Your email requires verification verify#9iCFEDEKrGGsbYwflaGCB-1478943026)
Recieved a verify message for msgid 9iCFEDEKrGGsbYwflaGCB-1478943026
Internal verification support@inmotionhosting.com/Re: {100-3110882} Your email requires verification verify#9iCFEDEKrGGsbYwflaGCB-1478943026)
Recieved a verify message for msgid 9iCFEDEKrGGsbYwflaGCB-1478943026
Internal verification support@inmotionhosting.com/Re: {100-3110882} Your email requires verification verify#9iCFEDEKrGGsbYwflaGCB-1478943026)
Recieved a verify message for msgid 9iCFEDEKrGGsbYwflaGCB-1478943026
Internal verification support@inmotionhosting.com/Re: {100-3110882} Your email requires verification verify#9iCFEDEKrGGsbYwflaGCB-1478943026)
Recieved a verify message for msgid 9iCFEDEKrGGsbYwflaGCB-1478943026
Internal verification support@inmotionhosting.com/Re: {100-3110882} Your email requires verification verify#9iCFEDEKrGGsbYwflaGCB-1478943026)
Delivering message to queue and asking for verification noreply@r.groupon.com/Prada Saffiano Leather Handbags, Toker Titanium Herb Grinder, Apple Watch Sport & More
Recieved a verify message for msgid 9iCFEDEKrGGsbYwflaGCB-1478943026
Internal verification support@inmotionhosting.com/Re: {100-3110882} Your email requires verification verify#9iCFEDEKrGGsbYwflaGCB-1478943026)
Recieved a verify message for msgid 9iCFEDEKrGGsbYwflaGCB-1478943026
Internal verification support@inmotionhosting.com/Re: {100-3110882} Your email requires verification verify#9iCFEDEKrGGsbYwflaGCB-1478943026)
Recieved a verify message for msgid 9iCFEDEKrGGsbYwflaGCB-1478943026
Internal verification support@inmotionhosting.com/Re: {100-3110882} Your email requires verification verify#9iCFEDEKrGGsbYwflaGCB-1478943026)
Recieved a verify message for msgid 9iCFEDEKrGGsbYwflaGCB-1478943026
Internal verification support@inmotionhosting.com/Re: {100-3110882} Your email requires verification verify#9iCFEDEKrGGsbYwflaGCB-1478943026)
Recieved a verify message for msgid 9iCFEDEKrGGsbYwflaGCB-1478943026
Internal verification support@inmotionhosting.com/Re: {100-3110882} Your email requires verification verify#9iCFEDEKrGGsbYwflaGCB-1478943026)
Recieved a verify message for msgid 9iCFEDEKrGGsbYwflaGCB-1478943026
Internal verification support@inmotionhosting.com/Re: {100-3110882} Your email requires verification verify#9iCFEDEKrGGsbYwflaGCB-1478943026)
Recieved a verify message for msgid 9iCFEDEKrGGsbYwflaGCB-1478943026
Internal verification support@inmotionhosting.com/Re: {100-3110882} Your email requires verification verify#9iCFEDEKrGGsbYwflaGCB-1478943026)
Recieved a verify message for msgid 9iCFEDEKrGGsbYwflaGCB-1478943026
Internal verification support@inmotionhosting.com/Re: {100-3110882} Your email requires verification verify#9iCFEDEKrGGsbYwflaGCB-1478943026)
Recieved a verify message for msgid 9iCFEDEKrGGsbYwflaGCB-1478943026
Internal verification support@inmotionhosting.com/Re: {100-3110882} Your email requires verification verify#9iCFEDEKrGGsbYwflaGCB-1478943026)
Recieved a verify message for msgid 9iCFEDEKrGGsbYwflaGCB-1478943026
Internal verification support@inmotionhosting.com/Re: {100-3110882} Your email requires verification verify#9iCFEDEKrGGsbYwflaGCB-1478943026)
Recieved a verify message for msgid 9iCFEDEKrGGsbYwflaGCB-1478943026
Internal verification support@inmotionhosting.com/Re: {100-3110882} Your email requires verification verify#9iCFEDEKrGGsbYwflaGCB-1478943026)
Recieved a verify message for msgid 9iCFEDEKrGGsbYwflaGCB-1478943026
Internal verification support@inmotionhosting.com/Re: {100-3110882} Your email requires verification verify#9iCFEDEKrGGsbYwflaGCB-1478943026)
Recieved a verify message for msgid 9iCFEDEKrGGsbYwflaGCB-1478943026
Internal verification support@inmotionhosting.com/Re: {100-3110882} Your email requires verification verify#9iCFEDEKrGGsbYwflaGCB-1478943026)
Recieved a verify message for msgid 9iCFEDEKrGGsbYwflaGCB-1478943026
Internal verification support@inmotionhosting.com/Re: {100-3110882} Your email requires verification verify#9iCFEDEKrGGsbYwflaGCB-1478943026)
Delivering message to queue and asking for verification info@virdiko.com/Re: Do You Know These DJ's........Send Your Music!  @VirDiKO
Recieved a verify message for msgid 9iCFEDEKrGGsbYwflaGCB-1478943026
Internal verification support@inmotionhosting.com/Re: {100-3110882} Your email requires verification verify#9iCFEDEKrGGsbYwflaGCB-1478943026)
Recieved a verify message for msgid 9iCFEDEKrGGsbYwflaGCB-1478943026
Internal verification support@inmotionhosting.com/Re: {100-3110882} Your email requires verification verify#9iCFEDEKrGGsbYwflaGCB-1478943026)
Recieved a verify message for msgid 9iCFEDEKrGGsbYwflaGCB-1478943026
Internal verification support@inmotionhosting.com/Re: {100-3110882} Your email requires verification verify#9iCFEDEKrGGsbYwflaGCB-1478943026)
Recieved a verify message for msgid 9iCFEDEKrGGsbYwflaGCB-1478943026
Internal verification support@inmotionhosting.com/Re: {100-3110882} Your email requires verification verify#9iCFEDEKrGGsbYwflaGCB-1478943026)
Recieved a verify message for msgid 9iCFEDEKrGGsbYwflaGCB-1478943026
Internal verification support@inmotionhosting.com/Re: {100-3110882} Your email requires verification verify#9iCFEDEKrGGsbYwflaGCB-1478943026)
Recieved a verify message for msgid 9iCFEDEKrGGsbYwflaGCB-1478943026
Internal verification support@inmotionhosting.com/Re: {100-3110882} Your email requires verification verify#9iCFEDEKrGGsbYwflaGCB-1478943026)
Recieved a verify message for msgid 9iCFEDEKrGGsbYwflaGCB-1478943026
Internal verification support@inmotionhosting.com/Re: {100-3110882} Your email requires verification verify#9iCFEDEKrGGsbYwflaGCB-1478943026)
Email matches rule "from support@inmotionhosting.com" Line 3 in whitelist
Recieved a verify message for msgid 9iCFEDEKrGGsbYwflaGCB-1478943026
Internal verification support@inmotionhosting.com/Re: {100-3110882} Your email requires verification verify#9iCFEDEKrGGsbYwflaGCB-1478943026)
Recieved a verify message for msgid 9iCFEDEKrGGsbYwflaGCB-1478943026
Internal verification support@inmotionhosting.com/Re: {100-3110882} Your email requires verification verify#9iCFEDEKrGGsbYwflaGCB-1478943026)
Recieved a verify message for msgid 9iCFEDEKrGGsbYwflaGCB-1478943026
Internal verification support@inmotionhosting.com/Re: {100-3110882} Your email requires verification verify#9iCFEDEKrGGsbYwflaGCB-1478943026)
Recieved a verify message for msgid 9iCFEDEKrGGsbYwflaGCB-1478943026
Internal verification support@inmotionhosting.com/Re: {100-3110882} Your email requires verification verify#9iCFEDEKrGGsbYwflaGCB-1478943026)
Recieved a verify message for msgid 9iCFEDEKrGGsbYwflaGCB-1478943026
Internal verification support@inmotionhosting.com/Re: {100-3110882} Your email requires verification verify#9iCFEDEKrGGsbYwflaGCB-1478943026)
Recieved a verify message for msgid 9iCFEDEKrGGsbYwflaGCB-1478943026
Internal verification support@inmotionhosting.com/Re: {100-3110882} Your email requires verification verify#9iCFEDEKrGGsbYwflaGCB-1478943026)
Recieved a verify message for msgid 9iCFEDEKrGGsbYwflaGCB-1478943026
Internal verification support@inmotionhosting.com/Re: {100-3110882} Your email requires verification verify#9iCFEDEKrGGsbYwflaGCB-1478943026)
Recieved a verify message for msgid 9iCFEDEKrGGsbYwflaGCB-1478943026
Internal verification support@inmotionhosting.com/Re: {100-3110882} Your email requires verification verify#9iCFEDEKrGGsbYwflaGCB-1478943026)
Recieved a verify message for msgid 9iCFEDEKrGGsbYwflaGCB-1478943026
Internal verification support@inmotionhosting.com/Re: {100-3110882} Your email requires verification verify#9iCFEDEKrGGsbYwflaGCB-1478943026)
Recieved a verify message for msgid 9iCFEDEKrGGsbYwflaGCB-1478943026
Internal verification support@inmotionhosting.com/Re: {100-3110882} Your email requires verification verify#9iCFEDEKrGGsbYwflaGCB-1478943026)
Recieved a verify message for msgid 9iCFEDEKrGGsbYwflaGCB-1478943026
Internal verification support@inmotionhosting.com/Re: {100-3110882} Your email requires verification verify#9iCFEDEKrGGsbYwflaGCB-1478943026)
Recieved a verify message for msgid 9iCFEDEKrGGsbYwflaGCB-1478943026
Internal verification support@inmotionhosting.com/Re: {100-3110882} Your email requires verification verify#9iCFEDEKrGGsbYwflaGCB-1478943026)
Recieved a verify message for msgid 9iCFEDEKrGGsbYwflaGCB-1478943026
Internal verification support@inmotionhosting.com/Re: {100-3110882} Your email requires verification verify#9iCFEDEKrGGsbYwflaGCB-1478943026)
Recieved a verify message for msgid 9iCFEDEKrGGsbYwflaGCB-1478943026
Internal verification support@inmotionhosting.com/Re: {100-3110882} Your email requires verification verify#9iCFEDEKrGGsbYwflaGCB-1478943026)
Recieved a verify message for msgid 9iCFEDEKrGGsbYwflaGCB-1478943026
Internal verification support@inmotionhosting.com/Re: {100-3110882} Your email requires verification verify#9iCFEDEKrGGsbYwflaGCB-1478943026)
Recieved a verify message for msgid 9iCFEDEKrGGsbYwflaGCB-1478943026
Internal verification support@inmotionhosting.com/Re: {100-3110882} Your email requires verification verify#9iCFEDEKrGGsbYwflaGCB-1478943026)
Recieved a verify message for msgid 9iCFEDEKrGGsbYwflaGCB-1478943026
Internal verification support@inmotionhosting.com/Re: {100-3110882} Your email requires verification verify#9iCFEDEKrGGsbYwflaGCB-1478943026)
Recieved a verify message for msgid 9iCFEDEKrGGsbYwflaGCB-1478943026
Internal verification support@inmotionhosting.com/Re: {100-3110882} Your email requires verification verify#9iCFEDEKrGGsbYwflaGCB-1478943026)
Recieved a verify message for msgid 9iCFEDEKrGGsbYwflaGCB-1478943026
Internal verification support@inmotionhosting.com/Re: {100-3110882} Your email requires verification verify#9iCFEDEKrGGsbYwflaGCB-1478943026)
Recieved a verify message for msgid 9iCFEDEKrGGsbYwflaGCB-1478943026
Internal verification support@inmotionhosting.com/Re: {100-3110882} Your email requires verification verify#9iCFEDEKrGGsbYwflaGCB-1478943026)
Recieved a verify message for msgid 9iCFEDEKrGGsbYwflaGCB-1478943026
Internal verification support@inmotionhosting.com/Re: {100-3110882} Your email requires verification verify#9iCFEDEKrGGsbYwflaGCB-1478943026)
