Recieved a verify message for msgid 9iCFEDEKrGGsbYwflaGCB-1478943026
Internal verification support@inmotionhosting.com/Re: {100-3110882} Your email requires verification verify#9iCFEDEKrGGsbYwflaGCB-1478943026)
Recieved a verify message for msgid 9iCFEDEKrGGsbYwflaGCB-1478943026
Internal verification support@inmotionhosting.com/Re: {100-3110882} Your email requires verification verify#9iCFEDEKrGGsbYwflaGCB-1478943026)
Recieved a verify message for msgid 9iCFEDEKrGGsbYwflaGCB-1478943026
Internal verification support@inmotionhosting.com/Re: {100-3110882} Your email requires verification verify#9iCFEDEKrGGsbYwflaGCB-1478943026)
Recieved a verify message for msgid 9iCFEDEKrGGsbYwflaGCB-1478943026
Internal verification support@inmotionhosting.com/Re: {100-3110882} Your email requires verification verify#9iCFEDEKrGGsbYwflaGCB-1478943026)
Recieved a verify message for msgid 9iCFEDEKrGGsbYwflaGCB-1478943026
Internal verification support@inmotionhosting.com/Re: {100-3110882} Your email requires verification verify#9iCFEDEKrGGsbYwflaGCB-1478943026)
Recieved a verify message for msgid 9iCFEDEKrGGsbYwflaGCB-1478943026
Internal verification support@inmotionhosting.com/Re: {100-3110882} Your email requires verification verify#9iCFEDEKrGGsbYwflaGCB-1478943026)
Recieved a verify message for msgid 9iCFEDEKrGGsbYwflaGCB-1478943026
Internal verification support@inmotionhosting.com/Re: {100-3110882} Your email requires verification verify#9iCFEDEKrGGsbYwflaGCB-1478943026)
Recieved a verify message for msgid 9iCFEDEKrGGsbYwflaGCB-1478943026
Internal verification support@inmotionhosting.com/Re: {100-3110882} Your email requires verification verify#9iCFEDEKrGGsbYwflaGCB-1478943026)
Recieved a verify message for msgid 9iCFEDEKrGGsbYwflaGCB-1478943026
Internal verification support@inmotionhosting.com/Re: {100-3110882} Your email requires verification verify#9iCFEDEKrGGsbYwflaGCB-1478943026)
Recieved a verify message for msgid 9iCFEDEKrGGsbYwflaGCB-1478943026
Internal verification support@inmotionhosting.com/Re: {100-3110882} Your email requires verification verify#9iCFEDEKrGGsbYwflaGCB-1478943026)
Recieved a verify message for msgid 9iCFEDEKrGGsbYwflaGCB-1478943026
Internal verification support@inmotionhosting.com/Re: {100-3110882} Your email requires verification verify#9iCFEDEKrGGsbYwflaGCB-1478943026)
Recieved a verify message for msgid 9iCFEDEKrGGsbYwflaGCB-1478943026
Internal verification support@inmotionhosting.com/Re: {100-3110882} Your email requires verification verify#9iCFEDEKrGGsbYwflaGCB-1478943026)
Recieved a verify message for msgid 9iCFEDEKrGGsbYwflaGCB-1478943026
Internal verification support@inmotionhosting.com/Re: {100-3110882} Your email requires verification verify#9iCFEDEKrGGsbYwflaGCB-1478943026)
Recieved a verify message for msgid 9iCFEDEKrGGsbYwflaGCB-1478943026
Internal verification support@inmotionhosting.com/Re: {100-3110882} Your email requires verification verify#9iCFEDEKrGGsbYwflaGCB-1478943026)
Recieved a verify message for msgid 9iCFEDEKrGGsbYwflaGCB-1478943026
Internal verification support@inmotionhosting.com/Re: {100-3110882} Your email requires verification verify#9iCFEDEKrGGsbYwflaGCB-1478943026)
Recieved a verify message for msgid 9iCFEDEKrGGsbYwflaGCB-1478943026
Internal verification support@inmotionhosting.com/Re: {100-3110882} Your email requires verification verify#9iCFEDEKrGGsbYwflaGCB-1478943026)
Recieved a verify message for msgid 9iCFEDEKrGGsbYwflaGCB-1478943026
Internal verification support@inmotionhosting.com/Re: {100-3110882} Your email requires verification verify#9iCFEDEKrGGsbYwflaGCB-1478943026)
Recieved a verify message for msgid 9iCFEDEKrGGsbYwflaGCB-1478943026
Internal verification support@inmotionhosting.com/Re: {100-3110882} Your email requires verification verify#9iCFEDEKrGGsbYwflaGCB-1478943026)
Recieved a verify message for msgid 9iCFEDEKrGGsbYwflaGCB-1478943026
Internal verification support@inmotionhosting.com/Re: {100-3110882} Your email requires verification verify#9iCFEDEKrGGsbYwflaGCB-1478943026)
Recieved a verify message for msgid 9iCFEDEKrGGsbYwflaGCB-1478943026
Internal verification support@inmotionhosting.com/Re: {100-3110882} Your email requires verification verify#9iCFEDEKrGGsbYwflaGCB-1478943026)
Recieved a verify message for msgid 9iCFEDEKrGGsbYwflaGCB-1478943026
Internal verification support@inmotionhosting.com/Re: {100-3110882} Your email requires verification verify#9iCFEDEKrGGsbYwflaGCB-1478943026)
Recieved a verify message for msgid 9iCFEDEKrGGsbYwflaGCB-1478943026
Internal verification support@inmotionhosting.com/Re: {100-3110882} Your email requires verification verify#9iCFEDEKrGGsbYwflaGCB-1478943026)
Recieved a verify message for msgid 9iCFEDEKrGGsbYwflaGCB-1478943026
Internal verification support@inmotionhosting.com/Re: {100-3110882} Your email requires verification verify#9iCFEDEKrGGsbYwflaGCB-1478943026)
Recieved a verify message for msgid 9iCFEDEKrGGsbYwflaGCB-1478943026
Internal verification support@inmotionhosting.com/Re: {100-3110882} Your email requires verification verify#9iCFEDEKrGGsbYwflaGCB-1478943026)
Recieved a verify message for msgid 9iCFEDEKrGGsbYwflaGCB-1478943026
Internal verification support@inmotionhosting.com/Re: {100-3110882} Your email requires verification verify#9iCFEDEKrGGsbYwflaGCB-1478943026)
Recieved a verify message for msgid 9iCFEDEKrGGsbYwflaGCB-1478943026
Internal verification support@inmotionhosting.com/Re: {100-3110882} Your email requires verification verify#9iCFEDEKrGGsbYwflaGCB-1478943026)
Recieved a verify message for msgid 9iCFEDEKrGGsbYwflaGCB-1478943026
Internal verification support@inmotionhosting.com/Re: {100-3110882} Your email requires verification verify#9iCFEDEKrGGsbYwflaGCB-1478943026)
Recieved a verify message for msgid 9iCFEDEKrGGsbYwflaGCB-1478943026
Internal verification support@inmotionhosting.com/Re: {100-3110882} Your email requires verification verify#9iCFEDEKrGGsbYwflaGCB-1478943026)
Recieved a verify message for msgid 9iCFEDEKrGGsbYwflaGCB-1478943026
Internal verification support@inmotionhosting.com/Re: {100-3110882} Your email requires verification verify#9iCFEDEKrGGsbYwflaGCB-1478943026)
Recieved a verify message for msgid 9iCFEDEKrGGsbYwflaGCB-1478943026
Internal verification support@inmotionhosting.com/Re: {100-3110882} Your email requires verification verify#9iCFEDEKrGGsbYwflaGCB-1478943026)
Recieved a verify message for msgid 9iCFEDEKrGGsbYwflaGCB-1478943026
Internal verification support@inmotionhosting.com/Re: {100-3110882} Your email requires verification verify#9iCFEDEKrGGsbYwflaGCB-1478943026)
Recieved a verify message for msgid 9iCFEDEKrGGsbYwflaGCB-1478943026
Internal verification support@inmotionhosting.com/Re: {100-3110882} Your email requires verification verify#9iCFEDEKrGGsbYwflaGCB-1478943026)
Recieved a verify message for msgid 9iCFEDEKrGGsbYwflaGCB-1478943026
Internal verification support@inmotionhosting.com/Re: {100-3110882} Your email requires verification verify#9iCFEDEKrGGsbYwflaGCB-1478943026)
Recieved a verify message for msgid 9iCFEDEKrGGsbYwflaGCB-1478943026
Internal verification support@inmotionhosting.com/Re: {100-3110882} Your email requires verification verify#9iCFEDEKrGGsbYwflaGCB-1478943026)
Recieved a verify message for msgid 9iCFEDEKrGGsbYwflaGCB-1478943026
Internal verification support@inmotionhosting.com/Re: {100-3110882} Your email requires verification verify#9iCFEDEKrGGsbYwflaGCB-1478943026)
Recieved a verify message for msgid 9iCFEDEKrGGsbYwflaGCB-1478943026
Internal verification support@inmotionhosting.com/Re: {100-3110882} Your email requires verification verify#9iCFEDEKrGGsbYwflaGCB-1478943026)
Delivering message to queue and asking for verification ship-confirm@amazon.com/Your Amazon.com order of "iCasso - 2 in 1 Wooden..." has shipped!
Delivering message to queue and asking for verification ship-confirm@amazon.com/Re: Your Amazon.com Order
Delivering message to queue and asking for verification ship-confirm@amazon.com/Re: Your Amazon.com Order
Recieved a verify message for msgid 9iCFEDEKrGGsbYwflaGCB-1478943026
Internal verification support@inmotionhosting.com/Re: {100-3110882} Your email requires verification verify#9iCFEDEKrGGsbYwflaGCB-1478943026)
Recieved a verify message for msgid 9iCFEDEKrGGsbYwflaGCB-1478943026
Internal verification support@inmotionhosting.com/Re: {100-3110882} Your email requires verification verify#9iCFEDEKrGGsbYwflaGCB-1478943026)
Recieved a verify message for msgid 9iCFEDEKrGGsbYwflaGCB-1478943026
Internal verification support@inmotionhosting.com/Re: {100-3110882} Your email requires verification verify#9iCFEDEKrGGsbYwflaGCB-1478943026)
Recieved a verify message for msgid 9iCFEDEKrGGsbYwflaGCB-1478943026
Internal verification support@inmotionhosting.com/Re: {100-3110882} Your email requires verification verify#9iCFEDEKrGGsbYwflaGCB-1478943026)
Recieved a verify message for msgid 9iCFEDEKrGGsbYwflaGCB-1478943026
Internal verification support@inmotionhosting.com/Re: {100-3110882} Your email requires verification verify#9iCFEDEKrGGsbYwflaGCB-1478943026)
Recieved a verify message for msgid 9iCFEDEKrGGsbYwflaGCB-1478943026
Internal verification support@inmotionhosting.com/Re: {100-3110882} Your email requires verification verify#9iCFEDEKrGGsbYwflaGCB-1478943026)
Delivering message to queue and asking for verification bedbathandbeyond.12544989@bedbathandbeyond.com/Everything Krups is 20% off! Plus use your 20% offer.
Recieved a verify message for msgid 9iCFEDEKrGGsbYwflaGCB-1478943026
Internal verification support@inmotionhosting.com/Re: {100-3110882} Your email requires verification verify#9iCFEDEKrGGsbYwflaGCB-1478943026)
Recieved a verify message for msgid 9iCFEDEKrGGsbYwflaGCB-1478943026
Internal verification support@inmotionhosting.com/Re: {100-3110882} Your email requires verification verify#9iCFEDEKrGGsbYwflaGCB-1478943026)
Recieved a verify message for msgid 9iCFEDEKrGGsbYwflaGCB-1478943026
Internal verification support@inmotionhosting.com/Re: {100-3110882} Your email requires verification verify#9iCFEDEKrGGsbYwflaGCB-1478943026)
